<?xml version="1.0" encoding="UTF-8"?>
<!-- Generated by org.testng.reporters.JUnitReportReporter -->
<testsuite skipped="0" hostname="DESKTOP-H73EL99" name="testCases.TC001_Login" tests="1" failures="0" timestamp="18 Aug 2018 17:56:47 GMT" time="17.551" errors="0">
  <testcase name="login" time="17.551" classname="testCases.TC001_Login"/>
</testsuite> <!-- testCases.TC001_Login -->
