<?xml version="1.0" encoding="UTF-8"?>
<!-- Generated by org.testng.reporters.JUnitReportReporter -->
<testsuite skipped="0" hostname="DESKTOP-H73EL99" name="testCases.TC002_createlead" tests="1" failures="0" timestamp="12 Aug 2018 05:31:58 GMT" time="34.174" errors="0">
  <testcase name="createlead" time="34.174" classname="testCases.TC002_createlead"/>
</testsuite> <!-- testCases.TC002_createlead -->
