<?xml version="1.0" encoding="UTF-8"?>
<!-- Generated by org.testng.reporters.JUnitReportReporter -->
<testsuite skipped="0" hostname="DESKTOP-H73EL99" name="testCases.practise" tests="1" failures="0" timestamp="18 Aug 2018 18:15:39 GMT" time="31.586" errors="0">
  <testcase name="testcase" time="31.586" classname="testCases.practise"/>
</testsuite> <!-- testCases.practise -->
