<?xml version="1.0" encoding="UTF-8"?>
<!-- Generated by org.testng.reporters.JUnitReportReporter -->
<testsuite skipped="0" hostname="DESKTOP-H73EL99" name="testCases.TC004_framedragndrop" tests="1" failures="0" timestamp="19 Aug 2018 05:31:16 GMT" time="33.210" errors="0">
  <testcase name="frames" time="33.210" classname="testCases.TC004_framedragndrop"/>
</testsuite> <!-- testCases.TC004_framedragndrop -->
